This file contains any messages produced by compilers while
running configure, to aid debugging if configure makes a mistake.

It was created by configure, which was
generated by GNU Autoconf 2.57.  Invocation command line was

  $ ./configure 

## --------- ##
## Platform. ##
## --------- ##

hostname = localhost.localdomain
uname -m = i686
uname -r = 2.4.20-8
uname -s = Linux
uname -v = #1 Thu Mar 13 17:54:28 EST 2003

/usr/bin/uname -p = unknown
/bin/uname -X     = unknown

/bin/arch              = i686
/usr/bin/arch -k       = unknown
/usr/convex/getsysinfo = unknown
hostinfo               = unknown
/bin/machine           = unknown
/usr/bin/oslevel       = unknown
/bin/universe          = unknown

PATH: /usr/local/bin
PATH: /usr/bin
PATH: /bin
PATH: /usr/X11R6/bin
PATH: /home/dave/bin


## ----------- ##
## Core tests. ##
## ----------- ##

configure:1303: checking for a BSD-compatible install
configure:1357: result: /usr/bin/install -c
configure:1368: checking whether build environment is sane
configure:1411: result: yes
configure:1436: WARNING: `missing' script is too old or missing
configure:1444: checking for gawk
configure:1460: found /usr/bin/gawk
configure:1470: result: gawk
configure:1480: checking whether make sets $(MAKE)
configure:1500: result: yes
configure:1693: checking for gcc
configure:1709: found /usr/bin/gcc
configure:1719: result: gcc
configure:1963: checking for C compiler version
configure:1966: gcc --version </dev/null >&5
gcc (GCC) 3.2.2 20030222 (Red Hat Linux 3.2.2-5)
Copyright (C) 2002 Free Software Foundation, Inc.
This is free software; see the source for copying conditions.  There is NO
warranty; not even for MERCHANTABILITY or FITNESS FOR A PARTICULAR PURPOSE.

configure:1969: $? = 0
configure:1971: gcc -v </dev/null >&5
Reading specs from /usr/lib/gcc-lib/i386-redhat-linux/3.2.2/specs
Configured with: ../configure --prefix=/usr --mandir=/usr/share/man --infodir=/usr/share/info --enable-shared --enable-threads=posix --disable-checking --with-system-zlib --enable-__cxa_atexit --host=i386-redhat-linux
Thread model: posix
gcc version 3.2.2 20030222 (Red Hat Linux 3.2.2-5)
configure:1974: $? = 0
configure:1976: gcc -V </dev/null >&5
gcc: argument to `-V' is missing
configure:1979: $? = 1
configure:2003: checking for C compiler default output
configure:2006: gcc    conftest.c  >&5
configure:2009: $? = 0
configure:2055: result: a.out
configure:2060: checking whether the C compiler works
configure:2066: ./a.out
configure:2069: $? = 0
configure:2086: result: yes
configure:2093: checking whether we are cross compiling
configure:2095: result: no
configure:2098: checking for suffix of executables
configure:2100: gcc -o conftest    conftest.c  >&5
configure:2103: $? = 0
configure:2128: result: 
configure:2134: checking for suffix of object files
configure:2156: gcc -c   conftest.c >&5
configure:2159: $? = 0
configure:2181: result: o
configure:2185: checking whether we are using the GNU C compiler
configure:2210: gcc -c   conftest.c >&5
configure:2213: $? = 0
configure:2216: test -s conftest.o
configure:2219: $? = 0
configure:2232: result: yes
configure:2238: checking whether gcc accepts -g
configure:2260: gcc -c -g  conftest.c >&5
configure:2263: $? = 0
configure:2266: test -s conftest.o
configure:2269: $? = 0
configure:2280: result: yes
configure:2297: checking for gcc option to accept ANSI C
configure:2358: gcc  -c -g -O2  conftest.c >&5
configure:2361: $? = 0
configure:2364: test -s conftest.o
configure:2367: $? = 0
configure:2385: result: none needed
configure:2403: gcc -c -g -O2  conftest.c >&5
conftest.c:2: parse error before "me"
configure:2406: $? = 1
configure: failed program was:
| #ifndef __cplusplus
|   choke me
| #endif
configure:2534: checking for style of include used by make
configure:2562: result: GNU
configure:2590: checking dependency style of gcc
configure:2652: result: none
configure:2669: checking for a BSD-compatible install
configure:2723: result: /usr/bin/install -c
configure:2734: checking whether make sets $(MAKE)
configure:2754: result: yes
configure:2804: checking for ranlib
configure:2820: found /usr/bin/ranlib
configure:2831: result: ranlib
configure:2846: checking for main in -lc
configure:2871: gcc -o conftest -g -O2   conftest.c -lc   >&5
configure:2874: $? = 0
configure:2877: test -s conftest
configure:2880: $? = 0
configure:2892: result: yes
configure:2904: checking for main in -lssl
configure:2929: gcc -o conftest -g -O2   conftest.c -lssl  -lc  >&5
configure:2932: $? = 0
configure:2935: test -s conftest
configure:2938: $? = 0
configure:2950: result: yes
configure:2962: checking for dlopen in -ldl
configure:2993: gcc -o conftest -g -O2   conftest.c -ldl  -lssl -lc  >&5
configure:2996: $? = 0
configure:2999: test -s conftest
configure:3002: $? = 0
configure:3014: result: yes
configure:3026: checking how to run the C preprocessor
configure:3062: gcc -E  conftest.c
configure:3068: $? = 0
configure:3100: gcc -E  conftest.c
configure:3103:28: ac_nonexistent.h: No such file or directory
configure:3106: $? = 1
configure: failed program was:
| #line 3091 "configure"
| /* confdefs.h.  */
| 
| #define PACKAGE_NAME ""
| #define PACKAGE_TARNAME ""
| #define PACKAGE_VERSION ""
| #define PACKAGE_STRING ""
| #define PACKAGE_BUGREPORT ""
| #define PACKAGE "spike"
| #define VERSION "2.9"
| #define HAVE_LIBC 1
| #define HAVE_LIBSSL 1
| /* end confdefs.h.  */
| #include <ac_nonexistent.h>
configure:3144: result: gcc -E
configure:3169: gcc -E  conftest.c
configure:3175: $? = 0
configure:3207: gcc -E  conftest.c
configure:3210:28: ac_nonexistent.h: No such file or directory
configure:3213: $? = 1
configure: failed program was:
| #line 3198 "configure"
| /* confdefs.h.  */
| 
| #define PACKAGE_NAME ""
| #define PACKAGE_TARNAME ""
| #define PACKAGE_VERSION ""
| #define PACKAGE_STRING ""
| #define PACKAGE_BUGREPORT ""
| #define PACKAGE "spike"
| #define VERSION "2.9"
| #define HAVE_LIBC 1
| #define HAVE_LIBSSL 1
| /* end confdefs.h.  */
| #include <ac_nonexistent.h>
configure:3256: checking for egrep
configure:3266: result: grep -E
configure:3271: checking for ANSI C header files
configure:3297: gcc -c -g -O2  conftest.c >&5
configure:3300: $? = 0
configure:3303: test -s conftest.o
configure:3306: $? = 0
configure:3395: gcc -o conftest -g -O2   conftest.c -lssl -lc  >&5
configure:3398: $? = 0
configure:3400: ./conftest
configure:3403: $? = 0
configure:3418: result: yes
configure:3428: checking for sys/wait.h that is POSIX.1 compatible
configure:3460: gcc -c -g -O2  conftest.c >&5
configure:3463: $? = 0
configure:3466: test -s conftest.o
configure:3469: $? = 0
configure:3480: result: yes
configure:3504: checking for sys/types.h
configure:3521: gcc -c -g -O2  conftest.c >&5
configure:3524: $? = 0
configure:3527: test -s conftest.o
configure:3530: $? = 0
configure:3541: result: yes
configure:3504: checking for sys/stat.h
configure:3521: gcc -c -g -O2  conftest.c >&5
configure:3524: $? = 0
configure:3527: test -s conftest.o
configure:3530: $? = 0
configure:3541: result: yes
configure:3504: checking for stdlib.h
configure:3521: gcc -c -g -O2  conftest.c >&5
configure:3524: $? = 0
configure:3527: test -s conftest.o
configure:3530: $? = 0
configure:3541: result: yes
configure:3504: checking for string.h
configure:3521: gcc -c -g -O2  conftest.c >&5
configure:3524: $? = 0
configure:3527: test -s conftest.o
configure:3530: $? = 0
configure:3541: result: yes
configure:3504: checking for memory.h
configure:3521: gcc -c -g -O2  conftest.c >&5
configure:3524: $? = 0
configure:3527: test -s conftest.o
configure:3530: $? = 0
configure:3541: result: yes
configure:3504: checking for strings.h
configure:3521: gcc -c -g -O2  conftest.c >&5
configure:3524: $? = 0
configure:3527: test -s conftest.o
configure:3530: $? = 0
configure:3541: result: yes
configure:3504: checking for inttypes.h
configure:3521: gcc -c -g -O2  conftest.c >&5
configure:3524: $? = 0
configure:3527: test -s conftest.o
configure:3530: $? = 0
configure:3541: result: yes
configure:3504: checking for stdint.h
configure:3521: gcc -c -g -O2  conftest.c >&5
configure:3524: $? = 0
configure:3527: test -s conftest.o
configure:3530: $? = 0
configure:3541: result: yes
configure:3504: checking for unistd.h
configure:3521: gcc -c -g -O2  conftest.c >&5
configure:3524: $? = 0
configure:3527: test -s conftest.o
configure:3530: $? = 0
configure:3541: result: yes
configure:3570: checking fcntl.h usability
configure:3583: gcc -c -g -O2  conftest.c >&5
configure:3586: $? = 0
configure:3589: test -s conftest.o
configure:3592: $? = 0
configure:3602: result: yes
configure:3606: checking fcntl.h presence
configure:3617: gcc -E  conftest.c
configure:3623: $? = 0
configure:3642: result: yes
configure:3678: checking for fcntl.h
configure:3685: result: yes
configure:3570: checking malloc.h usability
configure:3583: gcc -c -g -O2  conftest.c >&5
configure:3586: $? = 0
configure:3589: test -s conftest.o
configure:3592: $? = 0
configure:3602: result: yes
configure:3606: checking malloc.h presence
configure:3617: gcc -E  conftest.c
configure:3623: $? = 0
configure:3642: result: yes
configure:3678: checking for malloc.h
configure:3685: result: yes
configure:3570: checking sys/time.h usability
configure:3583: gcc -c -g -O2  conftest.c >&5
configure:3586: $? = 0
configure:3589: test -s conftest.o
configure:3592: $? = 0
configure:3602: result: yes
configure:3606: checking sys/time.h presence
configure:3617: gcc -E  conftest.c
configure:3623: $? = 0
configure:3642: result: yes
configure:3678: checking for sys/time.h
configure:3685: result: yes
configure:3561: checking for unistd.h
configure:3566: result: yes
configure:3699: checking for an ANSI C-conforming const
configure:3767: gcc -c -g -O2  conftest.c >&5
configure:3770: $? = 0
configure:3773: test -s conftest.o
configure:3776: $? = 0
configure:3787: result: yes
configure:3797: checking for pid_t
configure:3822: gcc -c -g -O2  conftest.c >&5
configure:3825: $? = 0
configure:3828: test -s conftest.o
configure:3831: $? = 0
configure:3842: result: yes
configure:3854: checking for size_t
configure:3879: gcc -c -g -O2  conftest.c >&5
configure:3882: $? = 0
configure:3885: test -s conftest.o
configure:3888: $? = 0
configure:3899: result: yes
configure:3911: checking whether time.h and sys/time.h may both be included
configure:3937: gcc -c -g -O2  conftest.c >&5
configure:3940: $? = 0
configure:3943: test -s conftest.o
configure:3946: $? = 0
configure:3957: result: yes
configure:3968: checking for working memcmp
configure:4017: gcc -o conftest -g -O2   conftest.c -lssl -lc  >&5
configure:4020: $? = 0
configure:4022: ./conftest
configure:4025: $? = 0
configure:4039: result: yes
configure:4043: checking return type of signal handlers
configure:4075: gcc -c -g -O2  conftest.c >&5
configure:4078: $? = 0
configure:4081: test -s conftest.o
configure:4084: $? = 0
configure:4095: result: void
configure:4107: checking for vprintf
configure:4157: gcc -o conftest -g -O2   conftest.c -lssl -lc  >&5
configure:4160: $? = 0
configure:4163: test -s conftest
configure:4166: $? = 0
configure:4177: result: yes
configure:4184: checking for _doprnt
configure:4234: gcc -o conftest -g -O2   conftest.c -lssl -lc  >&5
/tmp/ccIXwJpF.o(.text+0x11): In function `main':
/home/dave/CANVAS-dev/SPIKE/SPIKE/src/configure:4251: undefined reference to `_doprnt'
/tmp/ccIXwJpF.o(.data+0x0):/home/dave/CANVAS-dev/SPIKE/SPIKE/src/configure:4250: undefined reference to `_doprnt'
collect2: ld returned 1 exit status
configure:4237: $? = 1
configure: failed program was:
| #line 4189 "configure"
| /* confdefs.h.  */
| 
| #define PACKAGE_NAME ""
| #define PACKAGE_TARNAME ""
| #define PACKAGE_VERSION ""
| #define PACKAGE_STRING ""
| #define PACKAGE_BUGREPORT ""
| #define PACKAGE "spike"
| #define VERSION "2.9"
| #define HAVE_LIBC 1
| #define HAVE_LIBSSL 1
| #define STDC_HEADERS 1
| #define HAVE_SYS_WAIT_H 1
| #define HAVE_SYS_TYPES_H 1
| #define HAVE_SYS_STAT_H 1
| #define HAVE_STDLIB_H 1
| #define HAVE_STRING_H 1
| #define HAVE_MEMORY_H 1
| #define HAVE_STRINGS_H 1
| #define HAVE_INTTYPES_H 1
| #define HAVE_STDINT_H 1
| #define HAVE_UNISTD_H 1
| #define HAVE_FCNTL_H 1
| #define HAVE_MALLOC_H 1
| #define HAVE_SYS_TIME_H 1
| #define HAVE_UNISTD_H 1
| #define TIME_WITH_SYS_TIME 1
| #define RETSIGTYPE void
| #define HAVE_VPRINTF 1
| /* end confdefs.h.  */
| /* System header to define __stub macros and hopefully few prototypes,
|     which can conflict with char _doprnt (); below.
|     Prefer <limits.h> to <assert.h> if __STDC__ is defined, since
|     <limits.h> exists even on freestanding compilers.  */
| #ifdef __STDC__
| # include <limits.h>
| #else
| # include <assert.h>
| #endif
| /* Override any gcc2 internal prototype to avoid an error.  */
| #ifdef __cplusplus
| extern "C"
| {
| #endif
| /* We use char because int might match the return type of a gcc2
|    builtin and then its argument prototype would still apply.  */
| char _doprnt ();
| /* The GNU C library defines this for functions which it implements
|     to always fail with ENOSYS.  Some functions are actually named
|     something starting with __ and the normal name is an alias.  */
| #if defined (__stub__doprnt) || defined (__stub____doprnt)
| choke me
| #else
| char (*f) () = _doprnt;
| #endif
| #ifdef __cplusplus
| }
| #endif
| 
| int
| main ()
| {
| return f != _doprnt;
|   ;
|   return 0;
| }
configure:4254: result: no
configure:4276: checking for select
configure:4326: gcc -o conftest -g -O2   conftest.c -lssl -lc  >&5
configure:4329: $? = 0
configure:4332: test -s conftest
configure:4335: $? = 0
configure:4346: result: yes
configure:4276: checking for socket
configure:4326: gcc -o conftest -g -O2   conftest.c -lssl -lc  >&5
configure:4329: $? = 0
configure:4332: test -s conftest
configure:4335: $? = 0
configure:4346: result: yes
configure:4276: checking for strdup
configure:4326: gcc -o conftest -g -O2   conftest.c -lssl -lc  >&5
configure:4329: $? = 0
configure:4332: test -s conftest
configure:4335: $? = 0
configure:4346: result: yes
configure:4276: checking for strstr
configure:4326: gcc -o conftest -g -O2   conftest.c -lssl -lc  >&5
configure:4330: warning: conflicting types for built-in function `strstr'
configure:4329: $? = 0
configure:4332: test -s conftest
configure:4335: $? = 0
configure:4346: result: yes
configure:4276: checking for strtoul
configure:4326: gcc -o conftest -g -O2   conftest.c -lssl -lc  >&5
configure:4329: $? = 0
configure:4332: test -s conftest
configure:4335: $? = 0
configure:4346: result: yes
configure:4492: creating ./config.status

## ---------------------- ##
## Running config.status. ##
## ---------------------- ##

This file was extended by config.status, which was
generated by GNU Autoconf 2.57.  Invocation command line was

  CONFIG_FILES    = 
  CONFIG_HEADERS  = 
  CONFIG_LINKS    = 
  CONFIG_COMMANDS = 
  $ ./config.status 

on localhost.localdomain

config.status:643: creating Makefile
config.status:768: executing depfiles commands

## ---------------- ##
## Cache variables. ##
## ---------------- ##

ac_cv_c_compiler_gnu=yes
ac_cv_c_const=yes
ac_cv_env_CC_set=
ac_cv_env_CC_value=
ac_cv_env_CFLAGS_set=
ac_cv_env_CFLAGS_value=
ac_cv_env_CPPFLAGS_set=
ac_cv_env_CPPFLAGS_value=
ac_cv_env_CPP_set=
ac_cv_env_CPP_value=
ac_cv_env_LDFLAGS_set=
ac_cv_env_LDFLAGS_value=
ac_cv_env_build_alias_set=
ac_cv_env_build_alias_value=
ac_cv_env_host_alias_set=
ac_cv_env_host_alias_value=
ac_cv_env_target_alias_set=
ac_cv_env_target_alias_value=
ac_cv_exeext=
ac_cv_func__doprnt=no
ac_cv_func_memcmp_working=yes
ac_cv_func_select=yes
ac_cv_func_socket=yes
ac_cv_func_strdup=yes
ac_cv_func_strstr=yes
ac_cv_func_strtoul=yes
ac_cv_func_vprintf=yes
ac_cv_header_fcntl_h=yes
ac_cv_header_inttypes_h=yes
ac_cv_header_malloc_h=yes
ac_cv_header_memory_h=yes
ac_cv_header_stdc=yes
ac_cv_header_stdint_h=yes
ac_cv_header_stdlib_h=yes
ac_cv_header_string_h=yes
ac_cv_header_strings_h=yes
ac_cv_header_sys_stat_h=yes
ac_cv_header_sys_time_h=yes
ac_cv_header_sys_types_h=yes
ac_cv_header_sys_wait_h=yes
ac_cv_header_time=yes
ac_cv_header_unistd_h=yes
ac_cv_lib_c_main=yes
ac_cv_lib_dl_dlopen=yes
ac_cv_lib_ssl_main=yes
ac_cv_objext=o
ac_cv_path_install='/usr/bin/install -c'
ac_cv_prog_AWK=gawk
ac_cv_prog_CPP='gcc -E'
ac_cv_prog_ac_ct_CC=gcc
ac_cv_prog_ac_ct_RANLIB=ranlib
ac_cv_prog_cc_g=yes
ac_cv_prog_cc_stdc=
ac_cv_prog_egrep='grep -E'
ac_cv_prog_make_make_set=yes
ac_cv_type_pid_t=yes
ac_cv_type_signal=void
ac_cv_type_size_t=yes
am_cv_CC_dependencies_compiler_type=none

## ----------------- ##
## Output variables. ##
## ----------------- ##

ACLOCAL='aclocal-1.6'
AMDEPBACKSLASH='\'
AMDEP_FALSE='#'
AMDEP_TRUE=''
AMTAR='tar'
AUTOCONF='autoconf'
AUTOHEADER='autoheader'
AUTOMAKE='automake-1.6'
AWK='gawk'
CC='gcc'
CCDEPMODE='depmode=none'
CFLAGS='-g -O2'
CPP='gcc -E'
CPPFLAGS=''
DEFS='-DPACKAGE_NAME=\"\" -DPACKAGE_TARNAME=\"\" -DPACKAGE_VERSION=\"\" -DPACKAGE_STRING=\"\" -DPACKAGE_BUGREPORT=\"\" -DPACKAGE=\"spike\" -DVERSION=\"2.9\" -DHAVE_LIBC=1 -DHAVE_LIBSSL=1 -DSTDC_HEADERS=1 -DHAVE_SYS_WAIT_H=1 -DHAVE_SYS_TYPES_H=1 -DHAVE_SYS_STAT_H=1 -DHAVE_STDLIB_H=1 -DHAVE_STRING_H=1 -DHAVE_MEMORY_H=1 -DHAVE_STRINGS_H=1 -DHAVE_INTTYPES_H=1 -DHAVE_STDINT_H=1 -DHAVE_UNISTD_H=1 -DHAVE_FCNTL_H=1 -DHAVE_MALLOC_H=1 -DHAVE_SYS_TIME_H=1 -DHAVE_UNISTD_H=1 -DTIME_WITH_SYS_TIME=1 -DRETSIGTYPE=void -DHAVE_VPRINTF=1 -DHAVE_SELECT=1 -DHAVE_SOCKET=1 -DHAVE_STRDUP=1 -DHAVE_STRSTR=1 -DHAVE_STRTOUL=1 '
DEPDIR='.deps'
DL_LIB='-ldl'
ECHO_C=''
ECHO_N='-n'
ECHO_T=''
EGREP='grep -E'
EXEEXT=''
INSTALL_DATA='${INSTALL} -m 644'
INSTALL_PROGRAM='${INSTALL}'
INSTALL_SCRIPT='${INSTALL}'
INSTALL_STRIP_PROGRAM='${SHELL} $(install_sh) -c -s'
LDFLAGS=''
LIBOBJS=''
LIBS='-lssl -lc '
LTLIBOBJS=''
MAKEINFO='makeinfo'
OBJEXT='o'
PACKAGE='spike'
PACKAGE_BUGREPORT=''
PACKAGE_NAME=''
PACKAGE_STRING=''
PACKAGE_TARNAME=''
PACKAGE_VERSION=''
PATH_SEPARATOR=':'
RANLIB='ranlib'
SET_MAKE=''
SHELL='/bin/sh'
STRIP=''
VERSION='2.9'
ac_ct_CC='gcc'
ac_ct_RANLIB='ranlib'
ac_ct_STRIP=''
am__include='include'
am__quote=''
bindir='${exec_prefix}/bin'
build_alias=''
datadir='${prefix}/share'
exec_prefix='${prefix}'
host_alias=''
includedir='${prefix}/include'
infodir='${prefix}/info'
install_sh='/home/dave/CANVAS-dev/SPIKE/SPIKE/src/install-sh'
libdir='${exec_prefix}/lib'
libexecdir='${exec_prefix}/libexec'
localstatedir='${prefix}/var'
mandir='${prefix}/man'
oldincludedir='/usr/include'
prefix='/usr/local'
program_transform_name='s,x,x,'
sbindir='${exec_prefix}/sbin'
sharedstatedir='${prefix}/com'
sysconfdir='${prefix}/etc'
target_alias=''

## ----------- ##
## confdefs.h. ##
## ----------- ##

#define HAVE_FCNTL_H 1
#define HAVE_INTTYPES_H 1
#define HAVE_LIBC 1
#define HAVE_LIBSSL 1
#define HAVE_MALLOC_H 1
#define HAVE_MEMORY_H 1
#define HAVE_SELECT 1
#define HAVE_SOCKET 1
#define HAVE_STDINT_H 1
#define HAVE_STDLIB_H 1
#define HAVE_STRDUP 1
#define HAVE_STRINGS_H 1
#define HAVE_STRING_H 1
#define HAVE_STRSTR 1
#define HAVE_STRTOUL 1
#define HAVE_SYS_STAT_H 1
#define HAVE_SYS_TIME_H 1
#define HAVE_SYS_TYPES_H 1
#define HAVE_SYS_WAIT_H 1
#define HAVE_UNISTD_H 1
#define HAVE_UNISTD_H 1
#define HAVE_VPRINTF 1
#define PACKAGE "spike"
#define PACKAGE_BUGREPORT ""
#define PACKAGE_NAME ""
#define PACKAGE_STRING ""
#define PACKAGE_TARNAME ""
#define PACKAGE_VERSION ""
#define RETSIGTYPE void
#define STDC_HEADERS 1
#define TIME_WITH_SYS_TIME 1
#define VERSION "2.9"

configure: exit 0

## ---------------------- ##
## Running config.status. ##
## ---------------------- ##

This file was extended by config.status, which was
generated by GNU Autoconf 2.57.  Invocation command line was

  CONFIG_FILES    = 
  CONFIG_HEADERS  = 
  CONFIG_LINKS    = 
  CONFIG_COMMANDS = 
  $ ./config.status Makefile

on localhost.localdomain

config.status:643: creating Makefile
